{"contracts/PetWallet.sol":{"l":{"36":7,"37":5,"38":3,"42":15,"43":11,"47":4,"48":2,"53":3,"54":3,"55":3,"56":3,"57":3,"58":3,"59":3,"60":3,"71":3,"72":1,"74":3,"76":3,"77":3,"78":0,"80":3,"84":3,"85":3,"86":3,"88":3,"98":2,"99":2,"100":1,"103":2,"104":2,"105":2,"107":2,"108":1,"111":2,"117":1,"118":0,"121":1,"126":1},"path":"/home/tran.minh.chien/Workspace/Blockchain/ecopet/contracts/PetWallet.sol","s":{"1":7,"2":5,"3":15,"4":4,"5":3,"6":3,"7":3,"8":3,"9":3,"10":3,"11":3,"12":3,"13":3,"14":1,"15":3,"16":3,"17":3,"18":0,"19":3,"20":3,"21":3,"22":3,"23":3,"24":2,"25":2,"26":1,"27":2,"28":2,"29":2,"30":2,"31":1,"32":2,"33":1,"34":0,"35":1,"36":1},"b":{"1":[5,2],"2":[3,2],"3":[11,4],"4":[2,2],"5":[1,2],"6":[3,0],"7":[0,3],"8":[2,0],"9":[1,1],"10":[1,1],"11":[0,1]},"f":{"1":7,"2":15,"3":4,"4":3,"5":3,"6":2,"7":1,"8":1},"fnMap":{"1":{"name":"validTransaction","line":35,"loc":{"start":{"line":35,"column":2},"end":{"line":35,"column":40}}},"2":{"name":"onlyOwner","line":41,"loc":{"start":{"line":41,"column":2},"end":{"line":41,"column":22}}},"3":{"name":"enoughMoney","line":46,"loc":{"start":{"line":46,"column":2},"end":{"line":46,"column":36}}},"4":{"name":"constructor","line":52,"loc":{"start":{"line":52,"column":2},"end":{"line":52,"column":112}}},"5":{"name":"savingMoney","line":65,"loc":{"start":{"line":65,"column":2},"end":{"line":70,"column":3}}},"6":{"name":"withdrawMoney","line":93,"loc":{"start":{"line":93,"column":2},"end":{"line":97,"column":3}}},"7":{"name":"checkIsFreezing","line":116,"loc":{"start":{"line":116,"column":2},"end":{"line":116,"column":50}}},"8":{"name":"getInformation","line":125,"loc":{"start":{"line":125,"column":2},"end":{"line":125,"column":93}}}},"statementMap":{"1":{"start":{"line":36,"column":4},"end":{"line":36,"column":50}},"2":{"start":{"line":37,"column":4},"end":{"line":37,"column":90}},"3":{"start":{"line":42,"column":4},"end":{"line":42,"column":79}},"4":{"start":{"line":47,"column":4},"end":{"line":47,"column":85}},"5":{"start":{"line":53,"column":4},"end":{"line":53,"column":20}},"6":{"start":{"line":54,"column":4},"end":{"line":54,"column":14}},"7":{"start":{"line":55,"column":4},"end":{"line":55,"column":27}},"8":{"start":{"line":56,"column":4},"end":{"line":56,"column":32}},"9":{"start":{"line":57,"column":4},"end":{"line":57,"column":21}},"10":{"start":{"line":58,"column":4},"end":{"line":58,"column":20}},"11":{"start":{"line":59,"column":4},"end":{"line":59,"column":28}},"12":{"start":{"line":60,"column":4},"end":{"line":60,"column":34}},"13":{"start":{"line":71,"column":2},"end":{"line":71,"column":1724}},"14":{"start":{"line":72,"column":4},"end":{"line":72,"column":59}},"15":{"start":{"line":74,"column":2},"end":{"line":74,"column":46}},"16":{"start":{"line":76,"column":2},"end":{"line":76,"column":1884}},"17":{"start":{"line":77,"column":4},"end":{"line":77,"column":1940}},"18":{"start":{"line":78,"column":6},"end":{"line":78,"column":25}},"19":{"start":{"line":80,"column":6},"end":{"line":80,"column":62}},"20":{"start":{"line":84,"column":2},"end":{"line":84,"column":19}},"21":{"start":{"line":85,"column":2},"end":{"line":85,"column":26}},"22":{"start":{"line":86,"column":2},"end":{"line":86,"column":32}},"23":{"start":{"line":88,"column":2},"end":{"line":88,"column":35}},"24":{"start":{"line":98,"column":4},"end":{"line":98,"column":56}},"25":{"start":{"line":99,"column":4},"end":{"line":99,"column":2486}},"26":{"start":{"line":100,"column":6},"end":{"line":100,"column":62}},"27":{"start":{"line":103,"column":4},"end":{"line":103,"column":39}},"28":{"start":{"line":104,"column":4},"end":{"line":104,"column":45}},"29":{"start":{"line":105,"column":4},"end":{"line":105,"column":30}},"30":{"start":{"line":107,"column":4},"end":{"line":107,"column":2737}},"31":{"start":{"line":108,"column":6},"end":{"line":108,"column":22}},"32":{"start":{"line":111,"column":4},"end":{"line":111,"column":36}},"33":{"start":{"line":117,"column":4},"end":{"line":117,"column":3027}},"34":{"start":{"line":118,"column":6},"end":{"line":118,"column":22}},"35":{"start":{"line":121,"column":4},"end":{"line":121,"column":21}},"36":{"start":{"line":126,"column":6},"end":{"line":126,"column":78}}},"branchMap":{"1":{"line":36,"type":"if","locations":[{"start":{"line":36,"column":4},"end":{"line":36,"column":4}},{"start":{"line":36,"column":4},"end":{"line":36,"column":4}}]},"2":{"line":37,"type":"if","locations":[{"start":{"line":37,"column":4},"end":{"line":37,"column":4}},{"start":{"line":37,"column":4},"end":{"line":37,"column":4}}]},"3":{"line":42,"type":"if","locations":[{"start":{"line":42,"column":4},"end":{"line":42,"column":4}},{"start":{"line":42,"column":4},"end":{"line":42,"column":4}}]},"4":{"line":47,"type":"if","locations":[{"start":{"line":47,"column":4},"end":{"line":47,"column":4}},{"start":{"line":47,"column":4},"end":{"line":47,"column":4}}]},"5":{"line":71,"type":"if","locations":[{"start":{"line":71,"column":2},"end":{"line":71,"column":2}},{"start":{"line":71,"column":2},"end":{"line":71,"column":2}}]},"6":{"line":76,"type":"if","locations":[{"start":{"line":76,"column":2},"end":{"line":76,"column":2}},{"start":{"line":76,"column":2},"end":{"line":76,"column":2}}]},"7":{"line":77,"type":"if","locations":[{"start":{"line":77,"column":4},"end":{"line":77,"column":4}},{"start":{"line":77,"column":4},"end":{"line":77,"column":4}}]},"8":{"line":98,"type":"if","locations":[{"start":{"line":98,"column":4},"end":{"line":98,"column":4}},{"start":{"line":98,"column":4},"end":{"line":98,"column":4}}]},"9":{"line":99,"type":"if","locations":[{"start":{"line":99,"column":4},"end":{"line":99,"column":4}},{"start":{"line":99,"column":4},"end":{"line":99,"column":4}}]},"10":{"line":107,"type":"if","locations":[{"start":{"line":107,"column":4},"end":{"line":107,"column":4}},{"start":{"line":107,"column":4},"end":{"line":107,"column":4}}]},"11":{"line":117,"type":"if","locations":[{"start":{"line":117,"column":4},"end":{"line":117,"column":4}},{"start":{"line":117,"column":4},"end":{"line":117,"column":4}}]}}},"contracts/PetWalletFactory.sol":{"l":{"28":1,"29":1,"30":1,"32":1,"36":2},"path":"/home/tran.minh.chien/Workspace/Blockchain/ecopet/contracts/PetWalletFactory.sol","s":{"1":1,"2":1,"3":1,"4":1,"5":2},"b":{},"f":{"1":1,"2":2},"fnMap":{"1":{"name":"create","line":24,"loc":{"start":{"line":24,"column":2},"end":{"line":27,"column":3}}},"2":{"name":"getAllPetAddressOf","line":35,"loc":{"start":{"line":35,"column":2},"end":{"line":35,"column":87}}}},"statementMap":{"1":{"start":{"line":28,"column":4},"end":{"line":28,"column":92}},"2":{"start":{"line":29,"column":4},"end":{"line":29,"column":44}},"3":{"start":{"line":30,"column":4},"end":{"line":30,"column":96}},"4":{"start":{"line":32,"column":4},"end":{"line":32,"column":21}},"5":{"start":{"line":36,"column":4},"end":{"line":36,"column":34}}},"branchMap":{}},"contracts/SafeMath.sol":{"l":{"5":7,"6":7,"8":7,"12":8,"13":8,"15":8,"19":0,"20":0,"23":0,"24":0,"26":0,"30":0,"31":0,"33":0,"37":0,"38":0},"path":"/home/tran.minh.chien/Workspace/Blockchain/ecopet/contracts/SafeMath.sol","s":{"1":7,"2":7,"3":7,"4":8,"5":8,"6":8,"7":0,"8":0,"9":0,"10":0,"11":0,"12":0,"13":0,"14":0,"15":0,"16":0},"b":{"1":[7,0],"2":[8,0],"3":[0,0],"4":[0,0],"5":[0,0],"6":[0,0]},"f":{"1":7,"2":8,"3":0,"4":0,"5":0},"fnMap":{"1":{"name":"add","line":4,"loc":{"start":{"line":4,"column":2},"end":{"line":4,"column":68}}},"2":{"name":"sub","line":11,"loc":{"start":{"line":11,"column":2},"end":{"line":11,"column":68}}},"3":{"name":"mul","line":18,"loc":{"start":{"line":18,"column":2},"end":{"line":18,"column":68}}},"4":{"name":"div","line":29,"loc":{"start":{"line":29,"column":2},"end":{"line":29,"column":68}}},"5":{"name":"mod","line":36,"loc":{"start":{"line":36,"column":2},"end":{"line":36,"column":68}}}},"statementMap":{"1":{"start":{"line":5,"column":4},"end":{"line":5,"column":21}},"2":{"start":{"line":6,"column":4},"end":{"line":6,"column":49}},"3":{"start":{"line":8,"column":4},"end":{"line":8,"column":12}},"4":{"start":{"line":12,"column":4},"end":{"line":12,"column":52}},"5":{"start":{"line":13,"column":4},"end":{"line":13,"column":21}},"6":{"start":{"line":15,"column":4},"end":{"line":15,"column":12}},"7":{"start":{"line":19,"column":4},"end":{"line":19,"column":459}},"8":{"start":{"line":20,"column":6},"end":{"line":20,"column":14}},"9":{"start":{"line":23,"column":4},"end":{"line":23,"column":21}},"10":{"start":{"line":24,"column":4},"end":{"line":24,"column":59}},"11":{"start":{"line":26,"column":4},"end":{"line":26,"column":12}},"12":{"start":{"line":30,"column":4},"end":{"line":30,"column":47}},"13":{"start":{"line":31,"column":4},"end":{"line":31,"column":21}},"14":{"start":{"line":33,"column":4},"end":{"line":33,"column":12}},"15":{"start":{"line":37,"column":4},"end":{"line":37,"column":46}},"16":{"start":{"line":38,"column":4},"end":{"line":38,"column":16}}},"branchMap":{"1":{"line":6,"type":"if","locations":[{"start":{"line":6,"column":4},"end":{"line":6,"column":4}},{"start":{"line":6,"column":4},"end":{"line":6,"column":4}}]},"2":{"line":12,"type":"if","locations":[{"start":{"line":12,"column":4},"end":{"line":12,"column":4}},{"start":{"line":12,"column":4},"end":{"line":12,"column":4}}]},"3":{"line":19,"type":"if","locations":[{"start":{"line":19,"column":4},"end":{"line":19,"column":4}},{"start":{"line":19,"column":4},"end":{"line":19,"column":4}}]},"4":{"line":24,"type":"if","locations":[{"start":{"line":24,"column":4},"end":{"line":24,"column":4}},{"start":{"line":24,"column":4},"end":{"line":24,"column":4}}]},"5":{"line":30,"type":"if","locations":[{"start":{"line":30,"column":4},"end":{"line":30,"column":4}},{"start":{"line":30,"column":4},"end":{"line":30,"column":4}}]},"6":{"line":37,"type":"if","locations":[{"start":{"line":37,"column":4},"end":{"line":37,"column":4}},{"start":{"line":37,"column":4},"end":{"line":37,"column":4}}]}}}}